<html>
<head>
<title>TestNG:  Default test</title>
<link href="../testng.css" rel="stylesheet" type="text/css" />
<link href="../my-testng.css" rel="stylesheet" type="text/css" />

<style type="text/css">
.log { display: none;} 
.stack-trace { display: none;} 
</style>
<script type="text/javascript">
<!--
function flip(e) {
  current = e.style.display;
  if (current == 'block') {
    e.style.display = 'none';
    return 0;
  }
  else {
    e.style.display = 'block';
    return 1;
  }
}

function toggleBox(szDivId, elem, msg1, msg2)
{
  var res = -1;  if (document.getElementById) {
    res = flip(document.getElementById(szDivId));
  }
  else if (document.all) {
    // this is the way old msie versions work
    res = flip(document.all[szDivId]);
  }
  if(elem) {
    if(res == 0) elem.innerHTML = msg1; else elem.innerHTML = msg2;
  }

}

function toggleAllBoxes() {
  if (document.getElementsByTagName) {
    d = document.getElementsByTagName('div');
    for (i = 0; i < d.length; i++) {
      if (d[i].className == 'log') {
        flip(d[i]);
      }
    }
  }
}

// -->
</script>

</head>
<body>
<h2 align='center'>Default test</h2><table border='1' align="center">
<tr>
<td>Tests passed/Failed/Skipped:</td><td>18/2/0</td>
</tr><tr>
<td>Started on:</td><td>Wed Jan 03 16:06:04 EET 2018</td>
</tr>
<tr><td>Total time:</td><td>0 seconds (140 ms)</td>
</tr><tr>
<td>Included groups:</td><td></td>
</tr><tr>
<td>Excluded groups:</td><td></td>
</tr>
</table><p/>
<small><i>(Hover the method name to see the test class name)</i></small><p/>
<table width='100%' border='1' class='invocation-failed'>
<tr><td colspan='4' align='center'><b>FAILED TESTS</b></td></tr>
<tr><td><b>Test method</b></td>
<td width="30%"><b>Exception</b></td>
<td width="10%"><b>Time (seconds)</b></td>
<td><b>Instance</b></td>
</tr>
<tr>
<td title='test.TestVariant8.twoDimensionArrayTest()'><b>twoDimensionArrayTest</b><br>Test class: test.TestVariant8<br>Parameters: [[I@6325a3ee, 4, [[I@1d16f93d</td>
<td><div><pre>java.lang.AssertionError: Lists differ at element [0]: [I@18eed359 != [I@3e9b1010 expected [[I@18eed359] but found [[I@3e9b1010]
	at org.testng.Assert.fail(Assert.java:93)
	at org.testng.Assert.failNotEquals(Assert.java:512)
	at org.testng.Assert.assertEqualsImpl(Assert.java:134)
	at org.testng.Assert.assertEquals(Assert.java:567)
	at org.testng.Assert.assertEquals(Assert.java:686)
	at org.testng.Assert.assertEquals(Assert.java:743)
	at test.TestVariant8.twoDimensionArrayTest(TestVariant8.java:125)
	at sun.reflect.NativeMethodAccessorImpl.invoke0(Native Method)
	at sun.reflect.NativeMethodAccessorImpl.invoke(Unknown Source)
	at sun.reflect.DelegatingMethodAccessorImpl.invoke(Unknown Source)
	at java.lang.reflect.Method.invoke(Unknown Source)
	at org.testng.internal.MethodInvocationHelper.invokeMethod(MethodInvocationHelper.java:108)
	at org.testng.internal.Invoker.invokeMethod(Invoker.java:669)
	at org.testng.internal.Invoker.invokeTestMethod(Invoker.java:877)
	at org.testng.internal.Invoker.invokeTestMethods(Invoker.java:1201)
	at org.testng.internal.TestMethodWorker.invokeTestMethods(TestMethodWorker.java:125)
	at org.testng.internal.TestMethodWorker.run(TestMethodWorker.java:109)
	at org.testng.TestRunner.privateRun(TestRunner.java:776)
	at org.testng.TestRunner.run(TestRunner.java:634)
	at org.testng.SuiteRunner.runTest(SuiteRunner.java:425)
	at org.testng.SuiteRunner.runSequentially(SuiteRunner.java:420)
	at org.testng.SuiteRunner.privateRun(SuiteRunner.java:385)
	at org.testng.SuiteRunner.run(SuiteRunner.java:334)
	at org.testng.SuiteRunnerWorker.runSuite(SuiteRunnerWorker.java:52)
	at org.testng.SuiteRunnerWorker.run(SuiteRunnerWorker.java:86)
	at org.testng.TestNG.runSuitesSequentially(TestNG.java:1318)
	at org.testng.TestNG.runSuitesLocally(TestNG.java:1243)
	at org.testng.TestNG.runSuites(TestNG.java:1161)
	at org.testng.TestNG.run(TestNG.java:1129)
	at org.testng.remote.AbstractRemoteTestNG.run(AbstractRemoteTestNG.java:114)
	at org.testng.remote.RemoteTestNG.initAndRun(RemoteTestNG.java:251)
	at org.testng.remote.RemoteTestNG.main(RemoteTestNG.java:77)
</pre></div><a href='#' onClick='toggleBox("stack-trace553871028", this, "Click to show all stack frames", "Click to hide stack frames")'>Click to show all stack frames</a>
<div class='stack-trace' id='stack-trace553871028'><pre>java.lang.AssertionError: Lists differ at element [0]: [I@18eed359 != [I@3e9b1010 expected [[I@18eed359] but found [[I@3e9b1010]
	at org.testng.Assert.fail(Assert.java:93)
	at org.testng.Assert.failNotEquals(Assert.java:512)
	at org.testng.Assert.assertEqualsImpl(Assert.java:134)
	at org.testng.Assert.assertEquals(Assert.java:567)
	at org.testng.Assert.assertEquals(Assert.java:686)
	at org.testng.Assert.assertEquals(Assert.java:743)
	at test.TestVariant8.twoDimensionArrayTest(TestVariant8.java:125)
	at sun.reflect.NativeMethodAccessorImpl.invoke0(Native Method)
	at sun.reflect.NativeMethodAccessorImpl.invoke(Unknown Source)
	at sun.reflect.DelegatingMethodAccessorImpl.invoke(Unknown Source)
	at java.lang.reflect.Method.invoke(Unknown Source)
	at org.testng.internal.MethodInvocationHelper.invokeMethod(MethodInvocationHelper.java:108)
	at org.testng.internal.Invoker.invokeMethod(Invoker.java:669)
	at org.testng.internal.Invoker.invokeTestMethod(Invoker.java:877)
	at org.testng.internal.Invoker.invokeTestMethods(Invoker.java:1201)
	at org.testng.internal.TestMethodWorker.invokeTestMethods(TestMethodWorker.java:125)
	at org.testng.internal.TestMethodWorker.run(TestMethodWorker.java:109)
	at org.testng.TestRunner.privateRun(TestRunner.java:776)
	at org.testng.TestRunner.run(TestRunner.java:634)
	at org.testng.SuiteRunner.runTest(SuiteRunner.java:425)
	at org.testng.SuiteRunner.runSequentially(SuiteRunner.java:420)
	at org.testng.SuiteRunner.privateRun(SuiteRunner.java:385)
	at org.testng.SuiteRunner.run(SuiteRunner.java:334)
	at org.testng.SuiteRunnerWorker.runSuite(SuiteRunnerWorker.java:52)
	at org.testng.SuiteRunnerWorker.run(SuiteRunnerWorker.java:86)
	at org.testng.TestNG.runSuitesSequentially(TestNG.java:1318)
	at org.testng.TestNG.runSuitesLocally(TestNG.java:1243)
	at org.testng.TestNG.runSuites(TestNG.java:1161)
	at org.testng.TestNG.run(TestNG.java:1129)
	at org.testng.remote.AbstractRemoteTestNG.run(AbstractRemoteTestNG.java:114)
	at org.testng.remote.RemoteTestNG.initAndRun(RemoteTestNG.java:251)
	at org.testng.remote.RemoteTestNG.main(RemoteTestNG.java:77)
</pre></div></td>
<td>0</td>
<td>test.TestVariant8@100fc185</td></tr>
<tr>
<td title='test.TestVariant8.twoDimensionArrayTest()'><b>twoDimensionArrayTest</b><br>Test class: test.TestVariant8<br>Parameters: [[I@65e2dbf3, 4, [[I@4f970963</td>
<td><div><pre>java.lang.AssertionError: Lists differ at element [0]: [I@eec5a4a != [I@2b2948e2 expected [[I@eec5a4a] but found [[I@2b2948e2]
	at org.testng.Assert.fail(Assert.java:93)
	at org.testng.Assert.failNotEquals(Assert.java:512)
	at org.testng.Assert.assertEqualsImpl(Assert.java:134)
	at org.testng.Assert.assertEquals(Assert.java:567)
	at org.testng.Assert.assertEquals(Assert.java:686)
	at org.testng.Assert.assertEquals(Assert.java:743)
	at test.TestVariant8.twoDimensionArrayTest(TestVariant8.java:125)
	at sun.reflect.NativeMethodAccessorImpl.invoke0(Native Method)
	at sun.reflect.NativeMethodAccessorImpl.invoke(Unknown Source)
	at sun.reflect.DelegatingMethodAccessorImpl.invoke(Unknown Source)
	at java.lang.reflect.Method.invoke(Unknown Source)
	at org.testng.internal.MethodInvocationHelper.invokeMethod(MethodInvocationHelper.java:108)
	at org.testng.internal.Invoker.invokeMethod(Invoker.java:669)
	at org.testng.internal.Invoker.invokeTestMethod(Invoker.java:877)
	at org.testng.internal.Invoker.invokeTestMethods(Invoker.java:1201)
	at org.testng.internal.TestMethodWorker.invokeTestMethods(TestMethodWorker.java:125)
	at org.testng.internal.TestMethodWorker.run(TestMethodWorker.java:109)
	at org.testng.TestRunner.privateRun(TestRunner.java:776)
	at org.testng.TestRunner.run(TestRunner.java:634)
	at org.testng.SuiteRunner.runTest(SuiteRunner.java:425)
	at org.testng.SuiteRunner.runSequentially(SuiteRunner.java:420)
	at org.testng.SuiteRunner.privateRun(SuiteRunner.java:385)
	at org.testng.SuiteRunner.run(SuiteRunner.java:334)
	at org.testng.SuiteRunnerWorker.runSuite(SuiteRunnerWorker.java:52)
	at org.testng.SuiteRunnerWorker.run(SuiteRunnerWorker.java:86)
	at org.testng.TestNG.runSuitesSequentially(TestNG.java:1318)
	at org.testng.TestNG.runSuitesLocally(TestNG.java:1243)
	at org.testng.TestNG.runSuites(TestNG.java:1161)
	at org.testng.TestNG.run(TestNG.java:1129)
	at org.testng.remote.AbstractRemoteTestNG.run(AbstractRemoteTestNG.java:114)
	at org.testng.remote.RemoteTestNG.initAndRun(RemoteTestNG.java:251)
	at org.testng.remote.RemoteTestNG.main(RemoteTestNG.java:77)
</pre></div><a href='#' onClick='toggleBox("stack-trace1465085305", this, "Click to show all stack frames", "Click to hide stack frames")'>Click to show all stack frames</a>
<div class='stack-trace' id='stack-trace1465085305'><pre>java.lang.AssertionError: Lists differ at element [0]: [I@eec5a4a != [I@2b2948e2 expected [[I@eec5a4a] but found [[I@2b2948e2]
	at org.testng.Assert.fail(Assert.java:93)
	at org.testng.Assert.failNotEquals(Assert.java:512)
	at org.testng.Assert.assertEqualsImpl(Assert.java:134)
	at org.testng.Assert.assertEquals(Assert.java:567)
	at org.testng.Assert.assertEquals(Assert.java:686)
	at org.testng.Assert.assertEquals(Assert.java:743)
	at test.TestVariant8.twoDimensionArrayTest(TestVariant8.java:125)
	at sun.reflect.NativeMethodAccessorImpl.invoke0(Native Method)
	at sun.reflect.NativeMethodAccessorImpl.invoke(Unknown Source)
	at sun.reflect.DelegatingMethodAccessorImpl.invoke(Unknown Source)
	at java.lang.reflect.Method.invoke(Unknown Source)
	at org.testng.internal.MethodInvocationHelper.invokeMethod(MethodInvocationHelper.java:108)
	at org.testng.internal.Invoker.invokeMethod(Invoker.java:669)
	at org.testng.internal.Invoker.invokeTestMethod(Invoker.java:877)
	at org.testng.internal.Invoker.invokeTestMethods(Invoker.java:1201)
	at org.testng.internal.TestMethodWorker.invokeTestMethods(TestMethodWorker.java:125)
	at org.testng.internal.TestMethodWorker.run(TestMethodWorker.java:109)
	at org.testng.TestRunner.privateRun(TestRunner.java:776)
	at org.testng.TestRunner.run(TestRunner.java:634)
	at org.testng.SuiteRunner.runTest(SuiteRunner.java:425)
	at org.testng.SuiteRunner.runSequentially(SuiteRunner.java:420)
	at org.testng.SuiteRunner.privateRun(SuiteRunner.java:385)
	at org.testng.SuiteRunner.run(SuiteRunner.java:334)
	at org.testng.SuiteRunnerWorker.runSuite(SuiteRunnerWorker.java:52)
	at org.testng.SuiteRunnerWorker.run(SuiteRunnerWorker.java:86)
	at org.testng.TestNG.runSuitesSequentially(TestNG.java:1318)
	at org.testng.TestNG.runSuitesLocally(TestNG.java:1243)
	at org.testng.TestNG.runSuites(TestNG.java:1161)
	at org.testng.TestNG.run(TestNG.java:1129)
	at org.testng.remote.AbstractRemoteTestNG.run(AbstractRemoteTestNG.java:114)
	at org.testng.remote.RemoteTestNG.initAndRun(RemoteTestNG.java:251)
	at org.testng.remote.RemoteTestNG.main(RemoteTestNG.java:77)
</pre></div></td>
<td>0</td>
<td>test.TestVariant8@100fc185</td></tr>
</table><p>
<table width='100%' border='1' class='invocation-passed'>
<tr><td colspan='4' align='center'><b>PASSED TESTS</b></td></tr>
<tr><td><b>Test method</b></td>
<td width="30%"><b>Exception</b></td>
<td width="10%"><b>Time (seconds)</b></td>
<td><b>Instance</b></td>
</tr>
<tr>
<td title='test.TestVariant8.arrayTest()'><b>arrayTest</b><br>Test class: test.TestVariant8<br>Parameters: [D@61f8bee4, 2</td>
<td></td>
<td>0</td>
<td>test.TestVariant8@100fc185</td></tr>
<tr>
<td title='test.TestVariant8.arrayTest()'><b>arrayTest</b><br>Test class: test.TestVariant8<br>Parameters: [D@7b49cea0, 3</td>
<td></td>
<td>0</td>
<td>test.TestVariant8@100fc185</td></tr>
<tr>
<td title='test.TestVariant8.booleanTest()'><b>booleanTest</b><br>Test class: test.TestVariant8<br>Parameters: 1, 7, true</td>
<td></td>
<td>0</td>
<td>test.TestVariant8@100fc185</td></tr>
<tr>
<td title='test.TestVariant8.booleanTest()'><b>booleanTest</b><br>Test class: test.TestVariant8<br>Parameters: 6, 3, false</td>
<td></td>
<td>0</td>
<td>test.TestVariant8@100fc185</td></tr>
<tr>
<td title='test.TestVariant8.booleanTest()'><b>booleanTest</b><br>Test class: test.TestVariant8<br>Parameters: 2, 4, false</td>
<td></td>
<td>0</td>
<td>test.TestVariant8@100fc185</td></tr>
<tr>
<td title='test.TestVariant8.forTest()'><b>forTest</b><br>Test class: test.TestVariant8<br>Parameters: 1, 5, 120</td>
<td></td>
<td>0</td>
<td>test.TestVariant8@100fc185</td></tr>
<tr>
<td title='test.TestVariant8.forTest()'><b>forTest</b><br>Test class: test.TestVariant8<br>Parameters: 5, 6, 30</td>
<td></td>
<td>0</td>
<td>test.TestVariant8@100fc185</td></tr>
<tr>
<td title='test.TestVariant8.forTest()'><b>forTest</b><br>Test class: test.TestVariant8<br>Parameters: 10, 12, 1320</td>
<td></td>
<td>0</td>
<td>test.TestVariant8@100fc185</td></tr>
<tr>
<td title='test.TestVariant8.ifTest()'><b>ifTest</b><br>Test class: test.TestVariant8<br>Parameters: 6, 3, lab1.Variant8$IntNumbers@2286778</td>
<td></td>
<td>0</td>
<td>test.TestVariant8@100fc185</td></tr>
<tr>
<td title='test.TestVariant8.inputTest()'><b>inputTest</b><br>Test class: test.TestVariant8<br>Parameters: 2, 20, 11</td>
<td></td>
<td>0</td>
<td>test.TestVariant8@100fc185</td></tr>
<tr>
<td title='test.TestVariant8.inputTest()'><b>inputTest</b><br>Test class: test.TestVariant8<br>Parameters: 10, 10, 10</td>
<td></td>
<td>0</td>
<td>test.TestVariant8@100fc185</td></tr>
<tr>
<td title='test.TestVariant8.inputTest()'><b>inputTest</b><br>Test class: test.TestVariant8<br>Parameters: 54, 45</td>
<td></td>
<td>0</td>
<td>test.TestVariant8@100fc185</td></tr>
<tr>
<td title='test.TestVariant8.inputTest()'><b>inputTest</b><br>Test class: test.TestVariant8<br>Parameters: 45, 54</td>
<td></td>
<td>0</td>
<td>test.TestVariant8@100fc185</td></tr>
<tr>
<td title='test.TestVariant8.inputTest()'><b>inputTest</b><br>Test class: test.TestVariant8<br>Parameters: 55, 55</td>
<td></td>
<td>0</td>
<td>test.TestVariant8@100fc185</td></tr>
<tr>
<td title='test.TestVariant8.switchTest()'><b>switchTest</b><br>Test class: test.TestVariant8<br>Parameters: 1, 1, lab1.Variant8$Date@5f9d02cb</td>
<td></td>
<td>0</td>
<td>test.TestVariant8@100fc185</td></tr>
<tr>
<td title='test.TestVariant8.switchTest()'><b>switchTest</b><br>Test class: test.TestVariant8<br>Parameters: 1, 3, lab1.Variant8$Date@6b09bb57</td>
<td></td>
<td>0</td>
<td>test.TestVariant8@100fc185</td></tr>
<tr>
<td title='test.TestVariant8.whileTest()'><b>whileTest</b><br>Test class: test.TestVariant8<br>Parameters: 4, 2</td>
<td></td>
<td>0</td>
<td>test.TestVariant8@100fc185</td></tr>
<tr>
<td title='test.TestVariant8.whileTest()'><b>whileTest</b><br>Test class: test.TestVariant8<br>Parameters: 13, 3</td>
<td></td>
<td>0</td>
<td>test.TestVariant8@100fc185</td></tr>
</table><p>
</body>
</html>