<?xml version="1.0" encoding="UTF-8"?>
<!-- Generated by org.testng.reporters.JUnitReportReporter -->
<testsuite skipped="1" hostname="AndruwaPC" name="test.TestVariant8" tests="21" failures="2" timestamp="03 янв 2018 14:06:04 GMT" time="0.044" errors="0">
  <testcase name="forTest" time="0.002" classname="test.TestVariant8"/>
  <testcase name="ifTest" time="0.001" classname="test.TestVariant8"/>
  <testcase name="booleanTest" time="0.002" classname="test.TestVariant8"/>
  <testcase name="booleanTest" time="0.002" classname="test.TestVariant8"/>
  <testcase name="switchTest" time="0.001" classname="test.TestVariant8"/>
  <testcase name="whileTest" time="0.002" classname="test.TestVariant8"/>
  <testcase name="booleanTest" time="0.002" classname="test.TestVariant8"/>
  <testcase name="twoDimensionArrayTest" time="0.001" classname="test.TestVariant8">
    <failure type="java.lang.AssertionError" message="Lists differ at element [0]: [I@eec5a4a != [I@2b2948e2 expected [[I@eec5a4a] but found [[I@2b2948e2]">
      <![CDATA[java.lang.AssertionError: Lists differ at element [0]: [I@eec5a4a != [I@2b2948e2 expected [[I@eec5a4a] but found [[I@2b2948e2]
	at org.testng.Assert.fail(Assert.java:93)
	at org.testng.Assert.failNotEquals(Assert.java:512)
	at org.testng.Assert.assertEqualsImpl(Assert.java:134)
	at org.testng.Assert.assertEquals(Assert.java:567)
	at org.testng.Assert.assertEquals(Assert.java:686)
	at org.testng.Assert.assertEquals(Assert.java:743)
	at test.TestVariant8.twoDimensionArrayTest(TestVariant8.java:125)
	at sun.reflect.NativeMethodAccessorImpl.invoke0(Native Method)
	at sun.reflect.NativeMethodAccessorImpl.invoke(Unknown Source)
	at sun.reflect.DelegatingMethodAccessorImpl.invoke(Unknown Source)
	at java.lang.reflect.Method.invoke(Unknown Source)
	at org.testng.internal.MethodInvocationHelper.invokeMethod(MethodInvocationHelper.java:108)
	at org.testng.internal.Invoker.invokeMethod(Invoker.java:669)
	at org.testng.internal.Invoker.invokeTestMethod(Invoker.java:877)
	at org.testng.internal.Invoker.invokeTestMethods(Invoker.java:1201)
	at org.testng.internal.TestMethodWorker.invokeTestMethods(TestMethodWorker.java:125)
	at org.testng.internal.TestMethodWorker.run(TestMethodWorker.java:109)
	at org.testng.TestRunner.privateRun(TestRunner.java:776)
	at org.testng.TestRunner.run(TestRunner.java:634)
	at org.testng.SuiteRunner.runTest(SuiteRunner.java:425)
	at org.testng.SuiteRunner.runSequentially(SuiteRunner.java:420)
	at org.testng.SuiteRunner.privateRun(SuiteRunner.java:385)
	at org.testng.SuiteRunner.run(SuiteRunner.java:334)
	at org.testng.SuiteRunnerWorker.runSuite(SuiteRunnerWorker.java:52)
	at org.testng.SuiteRunnerWorker.run(SuiteRunnerWorker.java:86)
	at org.testng.TestNG.runSuitesSequentially(TestNG.java:1318)
	at org.testng.TestNG.runSuitesLocally(TestNG.java:1243)
	at org.testng.TestNG.runSuites(TestNG.java:1161)
	at org.testng.TestNG.run(TestNG.java:1129)
	at org.testng.remote.AbstractRemoteTestNG.run(AbstractRemoteTestNG.java:114)
	at org.testng.remote.RemoteTestNG.initAndRun(RemoteTestNG.java:251)
	at org.testng.remote.RemoteTestNG.main(RemoteTestNG.java:77)
]]>
    </failure>
  </testcase> <!-- twoDimensionArrayTest -->
  <testcase name="forTest" time="0.003" classname="test.TestVariant8"/>
  <testcase name="inputTest" time="0.001" classname="test.TestVariant8"/>
  <testcase name="arrayTest" time="0.001" classname="test.TestVariant8"/>
  <testcase name="whileTest" time="0.001" classname="test.TestVariant8"/>
  <testcase name="inputTest" time="0.002" classname="test.TestVariant8"/>
  <testcase name="inputTest" time="0.002" classname="test.TestVariant8"/>
  <testcase name="inputTest" time="0.002" classname="test.TestVariant8"/>
  <testcase name="twoDimensionArrayTest" time="0.004" classname="test.TestVariant8">
    <failure type="java.lang.AssertionError" message="Lists differ at element [0]: [I@18eed359 != [I@3e9b1010 expected [[I@18eed359] but found [[I@3e9b1010]">
      <![CDATA[java.lang.AssertionError: Lists differ at element [0]: [I@18eed359 != [I@3e9b1010 expected [[I@18eed359] but found [[I@3e9b1010]
	at org.testng.Assert.fail(Assert.java:93)
	at org.testng.Assert.failNotEquals(Assert.java:512)
	at org.testng.Assert.assertEqualsImpl(Assert.java:134)
	at org.testng.Assert.assertEquals(Assert.java:567)
	at org.testng.Assert.assertEquals(Assert.java:686)
	at org.testng.Assert.assertEquals(Assert.java:743)
	at test.TestVariant8.twoDimensionArrayTest(TestVariant8.java:125)
	at sun.reflect.NativeMethodAccessorImpl.invoke0(Native Method)
	at sun.reflect.NativeMethodAccessorImpl.invoke(Unknown Source)
	at sun.reflect.DelegatingMethodAccessorImpl.invoke(Unknown Source)
	at java.lang.reflect.Method.invoke(Unknown Source)
	at org.testng.internal.MethodInvocationHelper.invokeMethod(MethodInvocationHelper.java:108)
	at org.testng.internal.Invoker.invokeMethod(Invoker.java:669)
	at org.testng.internal.Invoker.invokeTestMethod(Invoker.java:877)
	at org.testng.internal.Invoker.invokeTestMethods(Invoker.java:1201)
	at org.testng.internal.TestMethodWorker.invokeTestMethods(TestMethodWorker.java:125)
	at org.testng.internal.TestMethodWorker.run(TestMethodWorker.java:109)
	at org.testng.TestRunner.privateRun(TestRunner.java:776)
	at org.testng.TestRunner.run(TestRunner.java:634)
	at org.testng.SuiteRunner.runTest(SuiteRunner.java:425)
	at org.testng.SuiteRunner.runSequentially(SuiteRunner.java:420)
	at org.testng.SuiteRunner.privateRun(SuiteRunner.java:385)
	at org.testng.SuiteRunner.run(SuiteRunner.java:334)
	at org.testng.SuiteRunnerWorker.runSuite(SuiteRunnerWorker.java:52)
	at org.testng.SuiteRunnerWorker.run(SuiteRunnerWorker.java:86)
	at org.testng.TestNG.runSuitesSequentially(TestNG.java:1318)
	at org.testng.TestNG.runSuitesLocally(TestNG.java:1243)
	at org.testng.TestNG.runSuites(TestNG.java:1161)
	at org.testng.TestNG.run(TestNG.java:1129)
	at org.testng.remote.AbstractRemoteTestNG.run(AbstractRemoteTestNG.java:114)
	at org.testng.remote.RemoteTestNG.initAndRun(RemoteTestNG.java:251)
	at org.testng.remote.RemoteTestNG.main(RemoteTestNG.java:77)
]]>
    </failure>
  </testcase> <!-- twoDimensionArrayTest -->
  <testcase name="arrayTest" time="0.011" classname="test.TestVariant8"/>
  <testcase name="switchTest" time="0.001" classname="test.TestVariant8"/>
  <testcase name="forTest" time="0.001" classname="test.TestVariant8"/>
  <testcase name="inputTest" time="0.002" classname="test.TestVariant8"/>
  <testcase name="loginOld" classname="test.TestVariant8">
    <skipped/>
  </testcase> <!-- loginOld -->
</testsuite> <!-- test.TestVariant8 -->
